Arguments: 
  /home/wkrol/.nvm/versions/node/v10.16.3/bin/node /usr/bin/yarn install

PATH: 
  /home/wkrol/google-cloud-sdk/bin:/home/wkrol/.pyenv/plugins/pyenv-virtualenv/shims:/home/wkrol/.pyenv/shims:/home/wkrol/.pyenv/bin:/home/wkrol/.nvm/versions/node/v10.16.3/bin:/home/wkrol/.poetry/bin:/home/wkrol/Desktop/CallBetter/node_modules/.bin:/opt/google-cloud-sdk/bin:/usr/local/sbin:/usr/local/bin:/usr/bin:/usr/lib/jvm/default/bin:/var/lib/snapd/snap/bin:/home/wkrol/.gem/ruby/2.6.0/bin:/home/wkrol/.gem/ruby/2.6.0/bin:/usr/bin/psql:/home/wkrol/.npm-global/bin:/opt/yarn-[version]/bin

Yarn version: 
  1.22.10

Node version: 
  10.16.3

Platform: 
  linux x64

Trace: 
  SyntaxError: /home/wkrol/Desktop/CallBetter/server/package.json: Unexpected token } in JSON at position 458
      at JSON.parse (<anonymous>)
      at /usr/lib/node_modules/yarn/lib/cli.js:1625:59
      at Generator.next (<anonymous>)
      at step (/usr/lib/node_modules/yarn/lib/cli.js:310:30)
      at /usr/lib/node_modules/yarn/lib/cli.js:321:13

npm manifest: 
  {
    "name": "server",
    "private": true,
    "version": "0.1.0",
    "description": "callbetter server",
    "main": "index.js",
    "repository": "https://github.com/wojtekKrol/callbetter",
    "author": "Wojtek",
    "license": "MIT",
    "devDependencies": {
      "@types/cors": "^2.8.8",
      "@types/dotenv": "^8.2.0",
      "@types/express": "^4.17.9",
      "@types/mongoose": "^5.10.1",
      "@types/node": "^14.14.9",
      "nodemon": "^2.0.6",
      "ts-node": "^9.0.0",
    },
    "dependencies": {
      "chalk": "^2.4.2",
      "cors": "^2.8.5",
      "dotenv": "^8.2.0",
      "express": "^4.17.1",
      "mongodb": "^3.3.4",
      "mongoose": "^5.10.15"
    },
    "scripts": {
      "devStart": "nodemon --watch 'src/**/*.ts' --exec 'ts-node' src/index.ts",
      "start": "node build/index.js",
      "build": "tsc"
    }
  }

yarn manifest: 
  No manifest

Lockfile: 
  No lockfile
